Авиационни спортове‎
Австралийски футбол‎ 
Автомобилни спортове‎
Айкидо‎
Акробатика‎
Алпинизъм‎
Американски футбол‎
Бадминтон‎
Баскетбол‎
Бейзбол‎
Бобслей‎
Бокс‎
Борба‎
Бридж‎ 
Бързо пързаляне с кънки‎
Вдигане на тежести‎
Ветроходство‎
Водна топка‎
Волейбол‎
Гимнастика‎
Голф‎
Гребане‎
Дартс‎
Джудо‎
Карате‎
Картинг‎ 
Кеч‎
Кикбокс‎
Колоездене‎
Конен спорт‎
Крикет‎
Културизъм‎
Лека атлетика‎
Лов‎
Мотоциклетни спортове‎
Пешеходен туризъм‎
Плуване‎
Покер‎
Риболов‎
Ръгби‎
Скейтборд‎
Ски‎
Сноуборд‎
Спортни шейни‎
Спортно ориентиране‎ 
Стрелба с лък‎ 
Сумо‎
Сърфиране‎
Таекуондо‎
Тенис‎
Тенис на маса‎
Фигурно пързаляне‎
Футбол‎
Футзал‎
Хандбал‎
Хокей на лед‎
Художествена гимнастика‎
Шахмат‎
Шорттрек‎
Авиомоделизъм
Аеробика
Геокешинг
Голбал
Единоборство
Канадска борба
Корабомоделизъм
Кърлинг
Петанк
Плажен волейбол
Спортен риболов
Родео (спорт)
Скално катерене
Скачане на въже
Скуош
Спортна стрелба
Триатлон
Фигурно пързаляне на ролкови кънки
Фитнес
Футволей
Хокей на трева
