А
Аз
Ако
Ала
Бе
Без
Беше
Би
Бил
Била
Били
Било
Близо
Бъдат
Бъде
Бяха
В
Вас
Ваш
Ваша
Вероятно
Вече
Взема
Ви
Вие
Винаги
Все
Всеки
Всички
Всичко
Всяка
Във
Въпреки
Върху
Г
Ги
Главно
Го
Д
Да
Дали
До
Докато
Докога
Дори
Досега
Доста
Е
Едва
Един
Ето
За
Зад
Заедно
Заради
Засега
Затова
Защо
Защото
И
Из
Или
Им
Има
Имат
Иска
Й
Каза
Как
Каква
Какво
Както
Какъв
Като
Кога
Когато
Което
Които
Кой
Който
Колко
Която
Къде
Където
Към
Ли
М
Ме
Между
Мен
Ми
Мнозина
Мога
Могат
Може
Моля
Момента
Му
Н
На
Над
Назад
Най
Направи
Напред
Например
Нас
Не
Него
Нея
Ни
Ние
Никой
Нито
Но
Някои
Някой
Няма
Обаче
Около
Освен
Особено
От
Отгоре
Отново
Още
Пак
По
Повече
Повечето
Под
Поне
Поради
После
Почти
Прави
Пред
Преди
През
При
Пък
Първо
С
Са
Само
Се
Сега
Си
Скоро
След
Сме
Според
Сред
Срещу
Сте
Съм
Със
Също
Т
Тази
Така
Такива
Такъв
Там
Твой
Те
Тези
Ти
Тн
То
Това
Тогава
Този
Той
Толкова
Точно
Трябва
Тук
Тъй
Тя
Тях
У
Харесва
Ч
Че
Често
Чрез
Ще
Щом
Я
